  pa6.c
d:\nolen\documents\computer science\cpts_121\pa6\pa6\pa6.c(97): warning C4996: 'getch': The POSIX name for this item is deprecated. Instead, use the ISO C and C++ conformant name: _getch. See online help for details.
  c:\program files (x86)\windows kits\10\include\10.0.10240.0\ucrt\conio.h(452): note: see declaration of 'getch'
d:\nolen\documents\computer science\cpts_121\pa6\pa6\pa6.c(98): warning C4047: 'initializing': 'char' differs in levels of indirection from 'char [1]'
d:\nolen\documents\computer science\cpts_121\pa6\pa6\pa6.c(111): warning C4996: 'scanf': This function or variable may be unsafe. Consider using scanf_s instead. To disable deprecation, use _CRT_SECURE_NO_WARNINGS. See online help for details.
  c:\program files (x86)\windows kits\10\include\10.0.10240.0\ucrt\stdio.h(1270): note: see declaration of 'scanf'
d:\nolen\documents\computer science\cpts_121\pa6\pa6\pa6.c(115): warning C4996: 'scanf': This function or variable may be unsafe. Consider using scanf_s instead. To disable deprecation, use _CRT_SECURE_NO_WARNINGS. See online help for details.
  c:\program files (x86)\windows kits\10\include\10.0.10240.0\ucrt\stdio.h(1270): note: see declaration of 'scanf'
d:\nolen\documents\computer science\cpts_121\pa6\pa6\pa6.c(133): warning C4996: 'getch': The POSIX name for this item is deprecated. Instead, use the ISO C and C++ conformant name: _getch. See online help for details.
  c:\program files (x86)\windows kits\10\include\10.0.10240.0\ucrt\conio.h(452): note: see declaration of 'getch'
d:\nolen\documents\computer science\cpts_121\pa6\pa6\pa6.c(145): warning C4996: 'scanf': This function or variable may be unsafe. Consider using scanf_s instead. To disable deprecation, use _CRT_SECURE_NO_WARNINGS. See online help for details.
  c:\program files (x86)\windows kits\10\include\10.0.10240.0\ucrt\stdio.h(1270): note: see declaration of 'scanf'
d:\nolen\documents\computer science\cpts_121\pa6\pa6\pa6.c(149): warning C4996: 'scanf': This function or variable may be unsafe. Consider using scanf_s instead. To disable deprecation, use _CRT_SECURE_NO_WARNINGS. See online help for details.
  c:\program files (x86)\windows kits\10\include\10.0.10240.0\ucrt\stdio.h(1270): note: see declaration of 'scanf'
d:\nolen\documents\computer science\cpts_121\pa6\pa6\pa6.c(167): warning C4996: 'getch': The POSIX name for this item is deprecated. Instead, use the ISO C and C++ conformant name: _getch. See online help for details.
  c:\program files (x86)\windows kits\10\include\10.0.10240.0\ucrt\conio.h(452): note: see declaration of 'getch'
d:\nolen\documents\computer science\cpts_121\pa6\pa6\pa6.c(179): warning C4996: 'scanf': This function or variable may be unsafe. Consider using scanf_s instead. To disable deprecation, use _CRT_SECURE_NO_WARNINGS. See online help for details.
  c:\program files (x86)\windows kits\10\include\10.0.10240.0\ucrt\stdio.h(1270): note: see declaration of 'scanf'
d:\nolen\documents\computer science\cpts_121\pa6\pa6\pa6.c(183): warning C4996: 'scanf': This function or variable may be unsafe. Consider using scanf_s instead. To disable deprecation, use _CRT_SECURE_NO_WARNINGS. See online help for details.
  c:\program files (x86)\windows kits\10\include\10.0.10240.0\ucrt\stdio.h(1270): note: see declaration of 'scanf'
d:\nolen\documents\computer science\cpts_121\pa6\pa6\pa6.c(201): warning C4996: 'getch': The POSIX name for this item is deprecated. Instead, use the ISO C and C++ conformant name: _getch. See online help for details.
  c:\program files (x86)\windows kits\10\include\10.0.10240.0\ucrt\conio.h(452): note: see declaration of 'getch'
d:\nolen\documents\computer science\cpts_121\pa6\pa6\pa6.c(213): warning C4996: 'scanf': This function or variable may be unsafe. Consider using scanf_s instead. To disable deprecation, use _CRT_SECURE_NO_WARNINGS. See online help for details.
  c:\program files (x86)\windows kits\10\include\10.0.10240.0\ucrt\stdio.h(1270): note: see declaration of 'scanf'
d:\nolen\documents\computer science\cpts_121\pa6\pa6\pa6.c(217): warning C4996: 'scanf': This function or variable may be unsafe. Consider using scanf_s instead. To disable deprecation, use _CRT_SECURE_NO_WARNINGS. See online help for details.
  c:\program files (x86)\windows kits\10\include\10.0.10240.0\ucrt\stdio.h(1270): note: see declaration of 'scanf'
d:\nolen\documents\computer science\cpts_121\pa6\pa6\pa6.c(235): warning C4996: 'getch': The POSIX name for this item is deprecated. Instead, use the ISO C and C++ conformant name: _getch. See online help for details.
  c:\program files (x86)\windows kits\10\include\10.0.10240.0\ucrt\conio.h(452): note: see declaration of 'getch'
d:\nolen\documents\computer science\cpts_121\pa6\pa6\pa6.c(247): warning C4996: 'scanf': This function or variable may be unsafe. Consider using scanf_s instead. To disable deprecation, use _CRT_SECURE_NO_WARNINGS. See online help for details.
  c:\program files (x86)\windows kits\10\include\10.0.10240.0\ucrt\stdio.h(1270): note: see declaration of 'scanf'
d:\nolen\documents\computer science\cpts_121\pa6\pa6\pa6.c(251): warning C4996: 'scanf': This function or variable may be unsafe. Consider using scanf_s instead. To disable deprecation, use _CRT_SECURE_NO_WARNINGS. See online help for details.
  c:\program files (x86)\windows kits\10\include\10.0.10240.0\ucrt\stdio.h(1270): note: see declaration of 'scanf'
d:\nolen\documents\computer science\cpts_121\pa6\pa6\pa6.c(269): warning C4996: 'getch': The POSIX name for this item is deprecated. Instead, use the ISO C and C++ conformant name: _getch. See online help for details.
  c:\program files (x86)\windows kits\10\include\10.0.10240.0\ucrt\conio.h(452): note: see declaration of 'getch'
  main.c
d:\nolen\documents\computer science\cpts_121\pa6\pa6\main.c(9): warning C4244: 'function': conversion from 'time_t' to 'unsigned int', possible loss of data
d:\nolen\documents\computer science\cpts_121\pa6\pa6\main.c(22): warning C4996: 'fopen': This function or variable may be unsafe. Consider using fopen_s instead. To disable deprecation, use _CRT_SECURE_NO_WARNINGS. See online help for details.
  c:\program files (x86)\windows kits\10\include\10.0.10240.0\ucrt\stdio.h(205): note: see declaration of 'fopen'
d:\nolen\documents\computer science\cpts_121\pa6\pa6\main.c(26): warning C4996: 'getch': The POSIX name for this item is deprecated. Instead, use the ISO C and C++ conformant name: _getch. See online help for details.
  c:\program files (x86)\windows kits\10\include\10.0.10240.0\ucrt\conio.h(452): note: see declaration of 'getch'
d:\nolen\documents\computer science\cpts_121\pa6\pa6\main.c(48): warning C4996: 'getch': The POSIX name for this item is deprecated. Instead, use the ISO C and C++ conformant name: _getch. See online help for details.
  c:\program files (x86)\windows kits\10\include\10.0.10240.0\ucrt\conio.h(452): note: see declaration of 'getch'
d:\nolen\documents\computer science\cpts_121\pa6\pa6\main.c(63): warning C4996: 'scanf': This function or variable may be unsafe. Consider using scanf_s instead. To disable deprecation, use _CRT_SECURE_NO_WARNINGS. See online help for details.
  c:\program files (x86)\windows kits\10\include\10.0.10240.0\ucrt\stdio.h(1270): note: see declaration of 'scanf'
d:\nolen\documents\computer science\cpts_121\pa6\pa6\main.c(183): warning C4996: 'getch': The POSIX name for this item is deprecated. Instead, use the ISO C and C++ conformant name: _getch. See online help for details.
  c:\program files (x86)\windows kits\10\include\10.0.10240.0\ucrt\conio.h(452): note: see declaration of 'getch'
  Generating Code...
  pa6.vcxproj -> D:\Nolen\Documents\Computer Science\cpts_121\pa6\pa6\Debug\pa6.exe
  pa6.vcxproj -> D:\Nolen\Documents\Computer Science\cpts_121\pa6\pa6\Debug\pa6.pdb (Full PDB)
